 226.521062500
 259.594712500
 225.931831250
 503.920737500
 178.793331250
 277.502218750
 176.795068750
 283.163968750
 129.733425000
 130.655700000
 274.735406250
 506.380287500
 547.780037500
 221.422925000
 271.763631250
 173.874525000
 565.380118750
 171.287037500
 100.220475000
 123.687393750
 101.168368750
 121.842850000
 167.469687500
 226.726012500
 250.986825000
 174.310050000
 172.977881250
 134.062837500
 129.528475000
 206.692000000
 129.938381250
 214.377625000
 507.917418750
 277.758412500
 222.063400000
 267.229106250
 175.360412500
 569.248550000
 174.438150000
 97.171843750
 127.069068750
 726.163387500
 125.224518750
 258.723687500
 501.973862500
 217.708212500
 271.148781250
 545.192537500
 124.993956250
 267.664631250
 125.147675000
 546.780900000
 265.179756250
 180.279075000
 217.631356250
 182.840943750
 216.990887500
 170.492856250
 812.114293750
 753.165550000
 121.074281250
 176.282550000
 494.416337500
 195.829656250
 205.231725000
 160.808975000
 114.208468750
 140.262581250
 185.915187500
 487.268700000
 176.538731250
 205.513693750
 251.294243750
 158.759475000
 749.373987500
 157.888425000
 197.571725000
 113.414281250
 246.426681250
 114.541512500
 154.327275000
 153.302675000
 217.093206250
 215.556081250
 105.959231250
 96.403287500
 290.465462500
 244.095525000
 187.477931250
 242.225362500
 195.086856250
 694.985381250
 145.770762500
 196.111456250
 145.232768750
 206.000300000
 97.684368750
 278.501356250
 95.609250000
 281.345187500
 235.718200000
 161.090618750
 232.925750000
 224.983787500
 184.993075000
 258.851775000
 138.443800000
 262.873918750
 544.731412500
 512.093275000
 264.077993750
 227.443337500
 181.841968750
 160.603868750
 179.689987500
 208.305975000
 133.089487500
 204.821831250
 130.758181250
 272.173525000
 508.455412500
 272.711512500
 560.153900000
 182.175012500
 281.806175000
 180.740362500
 273.505700000
 133.627475000
 559.359718750
 281.549987500
 227.494575000
 738.486012500
 181.047631250
 130.681312500
 214.556950000
 508.122362500
 263.488768750
 176.590112500
 179.689837500
 174.386750000
 503.203568750
 239.791418750
 509.736200000
 587.232918750
 171.005231250
 107.778006250
 103.371587500
 102.475075000
 157.273425000
 101.014812500
 164.113631250
 287.903593750
 241.841075000
 491.751831250
 269.611650000
 197.725593750
 152.098587500
 571.554237500
 104.037818750
 719.195093750
 103.909725000
 574.884831250
 192.166162500
 291.029068750
 194.804900000
 243.864956250
 236.845268750
 242.968300000
 194.881912500
 110.544831250
 144.566681250
 171.748025000
 142.107281250
 174.361131250
 95.660493750
 242.865681250
 824.488306250
 790.927593750
 210.483725000
 204.130125000
 209.587068750
 206.589675000
 702.030537500
 128.144918750
 159.323075000
 164.344206250
 161.449281250
 579.752387500
 216.734543750
 578.420206250
 253.446225000
 237.818931250
 139.391506250
 235.308293750
 197.418012500
 187.452462500
 185.940818750
 261.849175000
 139.135500000
 550.470162500
 275.837000000
 221.243606250
 218.707343750
 275.734537500
 174.079475000
 101.501406250
 173.285300000
 149.715900000
 128.503725000
 147.461443750
 130.783800000
 216.273412500
 510.146237500
 212.328118750
 225.188893750
 274.146168750
 179.075143750
 283.061493750
 176.846312500
 557.566406250
 131.142456250
 107.214406250
 188.425831250
 222.319593750
 175.462906250
 263.386293750
 169.621675000
 503.946512500
 219.962662500
 257.442756250
 172.363025000
 776.862900000
 170.390368750
 791.644918750
 122.406456250
 222.652481250
 119.998300000
 276.759287500
 276.708050000
 209.433356250
 555.824318750
 95.224818750
 112.671337500
 110.211943750
 146.667256250
 487.781075000
 211.124050000
 203.669137500
 211.738893750
 156.376925000
 546.012343750
 244.146606250
 106.702168750
 106.112937500
 165.343331250
 483.810162500
 229.441443750
 199.544518750
 796.384381250
 153.815056250
 685.711381250
 106.010462500
 182.815318750
 164.959056250
 231.593575000
 230.671156250
 231.567950000
 229.672018750
 184.788125000
 579.931568750
 182.482443750
 110.493581250
 136.496781250
 182.764075000
 182.584750000
 510.914812500
 252.959450000
 226.521068750
 179.894943750
 130.911725000
 179.152006250
 187.862218750
 130.271418750
 236.998987500
 505.611718750
 825.820331250
 221.474162500
 272.276006250
 172.029987500
 581.981056250
 125.608806250
 114.566975000
 124.814625000
 117.103231250
 501.845762500
 177.281675000
 217.938787500
 177.230431250
 170.749043750
 227.801843750
 168.520212500
 230.210012500
 121.356100000
 275.042825000
 119.485937500
 116.847043750
 217.759450000
 186.760618750
 192.063687500
 172.029981250
 127.171543750
 133.038087500
 502.486237500
 133.781037500
 218.348693750
 194.190043750
 170.620943750
 193.703293750
 127.530062500
 498.874000000
 184.941681250
 214.147218750
 207.204381250
 167.572318750
 261.695456250
 118.333075000
 146.078037500
 116.975293750
