 158.131875000
 175.121250000
 110.597500000
 108.701250000
 223.244993750
 578.176875000
 572.359993750
 576.229381250
 113.518756250
 244.616256250
 184.986881250
 253.790006250
 197.978743750
 728.698125000
 196.287500000
 162.667506250
 149.214368750
 190.573118750
 148.471256250
 185.243125000
 102.320631250
 289.716256250
 232.136875000
 242.105006250
 224.321256250
 239.670631250
 258.581875000
 192.392506250
 737.180000000
 147.728125000
 142.705625000
 215.198756250
 143.525625000
 214.916868750
 96.298750000
 272.086250000
 831.659375000
 281.849381250
 272.214375000
 235.955000000
 509.911881250
 234.417506250
 269.780000000
 187.728756250
 274.443750000
 139.989375000
 137.478218750
 170.944287500
 279.107593750
 580.918656250
 231.880712500
 107.522412500
 229.856343750
 99.219912500
 182.270706250
 158.618662500
 179.733843750
 170.149912500
 131.405081250
 228.421162500
 129.508843750
 234.776156250
 480.981168750
 219.298825000
 261.938675000
 171.687593750
 502.275537500
 124.486337500
 268.524281250
 122.231331250
 500.635718750
 166.306168750
 232.034281250
 171.738843750
 222.809281250
 170.739462500
 279.235537500
 95.376162500
 122.590087500
 548.118662500
 498.380712500
 216.146962500
 502.121787500
 169.458212500
 167.177587500
 752.093662500
 117.798206250
 244.462406250
 494.101337500
 218.401787500
 209.048837500
 284.129918750
 162.155087500
 99.219918750
 159.720712500
 169.201793750
 111.955706250
 242.438037500
 488.899462500
 709.838031250
 156.876337500
 188.804906250
 155.543837500
 99.911781250
 548.528656250
 577.280087500
 270.087412500
 292.073837500
 543.480537500
 245.769462500
 808.391781250
 245.359462500
 785.585531250
 199.695706250
 198.516962500
 283.258668750
 152.750712500
 277.441787500
 150.880087500
 103.858212500
 703.021793750
 144.909287500
 575.716962500
 211.201162500
 577.356962500
 569.643668750
 292.176331250
 558.291787500
 245.795087500
 276.775537500
 563.878043750
 197.825087500
 98.656162500
 195.621337500
 546.094287500
 147.779456250
 271.958031250
 147.113212500
 99.476331250
 510.501162500
 239.619462500
 138.631168750
 216.556793750
 192.290087500
 219.631781250
 189.727581250
 260.683031250
 140.271331250
 538.740087500
 273.572418750
 154.749287500
 484.081962500
 202.488668750
 200.951343750
 195.723662500
 153.570718750
 267.089287500
 153.826962500
 729.569287500
 106.728206250
 181.886162500
 105.728837500
 238.594281250
 484.491968750
 805.854906250
 199.567593750
 542.737418750
 104.216968750
 168.356162500
 240.054918750
 148.496968750
 175.403025000
 147.190087500
 191.008662500
 99.886331250
 240.900543750
 98.451337500
 153.468031250
 236.108831250
 223.911168750
 233.597593750
 207.306150000
 184.756343750
 272.906162500
 138.708206250
 96.349912500
 136.658212500
 149.291162500
 528.643837500
 167.997412500
 199.465087500
 243.360531250
 151.495093750
 150.469912500
 156.261156250
 101.936343750
 275.648031250
 479.392581250
 193.520087500
 96.093656250
 149.316956250
 146.600531250
 141.629281250
 102.166968750
 202.360537500
 483.800093750
 242.976162500
 201.079462500
 709.171787500
 154.390712500
 135.504918750
 152.801968750
 183.141793750
 106.600081250
 173.404287500
 703.944287500
 574.768837500
 135.428037500
 479.033843750
 186.831781250
 194.314468750
 192.059281250
 147.036343750
 266.064287500
 145.729462500
 98.758837500
 232.726168750
 223.783031250
 285.872406250
 236.903206250
 107.394293750
 188.651331250
 116.978037500
 187.113837500
 193.007418750
 185.704281250
 141.168206250
 233.981787500
 548.400718750
 224.782412500
 218.222593750
 483.313037500
 217.710093750
 262.758662500
 170.560093750
 273.239287500
 818.641793750
 119.310093750
 783.919918750
 498.508850000
 221.246156250
 213.815081250
 267.166168750
 167.203212500
 280.516787500
 167.126331250
 121.770093750
 160.924912500
 161.463043750
 494.998218750
 218.222412500
 209.561343750
 207.818656250
 162.180718750
 254.661162500
 161.027600000
 698.588662500
 114.082587500
 490.590712500
 205.845706250
 268.498662500
 159.848837500
 109.316343750
 205.691787500
 108.547587500
 220.554281250
 485.388843750
 199.439462500
 101.859287500
 154.903218750
 112.647412500
 152.904450000
 169.458037500
 483.851331250
 276.416793750
 198.440087500
 105.446775000
 151.033843750
 171.661781250
 101.321350000
 219.170531250
 100.116956250
 201.104912500
 213.097587500
 262.451162500
 164.512593750
 709.223037500
 181.117418750
 114.338837500
 175.172406250
 489.821962500
 221.938037500
 206.845093750
 159.541343750
 160.566331250
 272.086162500
 116.132587500
 98.118037500
 113.851962500
 158.106162500
 492.076962500
 163.077406250
 207.255087500
 225.525531250
 160.617587500
 157.875712500
 558.548037500
 111.366337500
 705.430537500
 141.116787500
 156.056343750
 184.320531250
 110.341337500
 697.538037500
 108.573218750
 118.413037500
 167.997418750
 200.336343750
 154.979912500
 153.903831250
 235.032412500
