 226.030306250
 149.295262500
 496.856887500
 149.653831250
 102.040200000
 274.950193750
 99.683850000
 239.092693750
 219.575956250
 237.940131250
 223.110493750
 191.863243750
 282.480262500
 103.218375000
 101.553568750
 140.382112500
 170.067000000
 544.188787500
 167.352075000
 215.887762500
 541.832431250
 215.042550000
 167.992393750
 269.725231250
 512.634181250
 119.431093750
 494.449312500
 143.660512500
 182.104875000
 141.509068750
 563.500612500
 232.305375000
 232.407825000
 796.702425000
 231.562618750
 700.117687500
 184.461231250
 130.239562500
 183.564787500
 178.570350000
 135.336450000
 239.656162500
 510.124168750
 730.903906250
 182.156100000
 181.515787500
 549.618637500
 220.779756250
 258.583806250
 222.060375000
 270.416775000
 174.702862500
 511.660912500
 174.421131250
 503.183175000
 126.807487500
 125.117056250
 839.014275000
 503.080725000
 98.326387500
 217.859925000
 572.490600000
 171.783037500
 170.067000000
 98.608125000
 122.965618750
 155.058068750
 496.728825000
 204.208468750
 211.943443750
 187.304206250
 164.995725000
 236.480206250
 217.475737500
 114.180525000
 271.697406250
 489.864675000
 731.851575000
 204.080400000
 229.616062500
 784.946293750
 154.878787500
 207.794206250
 107.956681250
 105.651568750
 698.376031250
 576.921556250
 225.415606250
 195.090406250
 286.398975000
 97.353112500
 103.167156250
 104.908800000
 163.971218750
 166.839825000
 483.077368750
 214.581525000
 199.316481250
 151.907737500
 264.039268750
 150.319762500
 103.833081250
 141.099262500
 103.884300000
 141.688350000
 480.259987500
 195.346537500
 150.908843750
 272.875575000
 150.370987500
 274.361100000
 102.834193750
 98.019043750
 102.782956250
 152.445600000
 572.951625000
 146.580337500
 571.389262500
 221.573731250
 286.322137500
 209.254125000
 238.580437500
 281.174018750
 236.941231250
 282.710781250
 189.609337500
 549.593025000
 187.124931250
 722.349337500
 139.690581250
 137.385443750
 199.239637500
 231.665068750
 229.436775000
 136.821975000
 162.408862500
 136.719525000
 151.728450000
 548.133112500
 209.433412500
 201.263025000
 220.062600000
 275.283150000
 173.627143750
 279.611656250
 175.240725000
 511.891431250
 201.083737500
 282.685156250
 97.148206250
 152.599281250
 105.344206250
 166.020218750
 104.370943750
 164.457862500
 480.003862500
 209.151668750
 194.808675000
 227.157256250
 147.195031250
 497.138625000
 284.887831250
 97.199431250
 103.730625000
 282.121687500
 174.933381250
 236.582662500
 181.874368750
 234.431212500
 230.051475000
 187.022468750
 228.028087500
 185.613793750
 283.760881250
 138.973425000
 102.347550000
 137.564743750
 103.346443750
 553.511743750
 167.633812500
 223.469056250
 164.278581250
 221.957931250
 234.738556250
 174.882150000
 235.686231250
 173.729593750
 490.530600000
 205.258575000
 131.801925000
 256.918987500
 509.535081250
 723.194556250
 177.776362500
 224.134987500
 176.290837500
 225.005806250
 130.111493750
 496.395868750
 130.854262500
 575.615318750
 506.077387500
 103.576956250
 222.214050000
 171.245175000
 175.394400000
 154.238475000
 173.550306250
 232.074862500
 127.191675000
 223.545906250
 127.524643750
 501.518362500
 506.077381250
 283.965787500
 221.394450000
 278.612781250
 174.626025000
 97.199431250
 126.705037500
 116.383200000
 125.424412500
 182.514675000
 501.441525000
 171.168337500
 215.682862500
 220.241893750
 169.375462500
 223.776406250
 167.070331250
 285.707431250
 120.404362500
 118.867618750
 564.422662500
 493.988287500
 694.201206250
 163.228456250
 114.897681250
 161.256306250
 179.108212500
 206.411137500
 559.018425000
 159.975675000
 270.442387500
 98.223937500
 116.562487500
 148.706181250
 114.744000000
 155.519100000
 489.787843750
 226.593787500
 160.462318750
 490.684281250
 158.490150000
 553.230000000
 113.745118750
 112.592550000
 487.764443750
 202.851000000
 263.373337500
 152.676112500
 492.912562500
 102.654893750
 718.276950000
 165.866550000
 286.911225000
 230.333206250
 239.656168750
 209.407800000
 238.145025000
 279.457987500
 739.740225000
 188.456775000
 176.905531250
 141.381000000
 230.819850000
 139.229550000
 215.273056250
 543.778987500
 212.122725000
 153.674993750
 163.791943750
 231.588231250
 223.366606250
 115.256256250
 287.577143750
 116.178293750
 510.354675000
 209.126062500
 285.630600000
 100.938862500
 161.153856250
 114.001243750
 146.657168750
 113.104800000
 154.699493750
 490.940393750
 196.729612500
 279.944625000
 159.719543750
 282.966900000
 113.719487500
 565.882575000
 112.746218750
 488.404756250
 560.836918750
 202.722937500
 279.304318750
 156.927793750
 538.169850000
 158.054737500
 704.215687500
 112.003456250
 123.221737500
 111.004581250
 213.685087500
 227.951256250
 203.721818750
 281.071575000
 155.262975000
 281.174025000
 108.212812500
 168.760762500
 107.290762500
 176.572575000
 577.638718750
 235.558162500
 482.770012500
 225.441218750
 105.036856250
 273.848843750
 103.243981250
 479.568456250
 134.440006250
 194.808675000
 155.723993750
 778.671225000
 150.960075000
